<?xml version="1.0" encoding="UTF-8"?>
<!-- Generated by org.testng.reporters.JUnitReportReporter -->
<testsuite hostname="LAPTOP-LMSKPNVQ" failures="0" tests="2" name="com.herokuapp.theinternet.NegetiveTest" time="27.722" errors="0" timestamp="30 Jun 2020 19:05:21 GMT" skipped="0">
  <testcase classname="com.herokuapp.theinternet.NegetiveTest" name="negetiveLoginTest" time="13.696"/>
  <testcase classname="com.herokuapp.theinternet.NegetiveTest" name="negetiveLoginTest" time="14.026"/>
</testsuite> <!-- com.herokuapp.theinternet.NegetiveTest -->
