<?xml version="1.0" encoding="UTF-8"?>
<!-- Generated by org.testng.reporters.JUnitReportReporter -->
<testsuite hostname="LAPTOP-LMSKPNVQ" failures="0" tests="3" name="com.herokuapp.theinternet.LoginTests" time="44.888" errors="0" timestamp="30 Jun 2020 19:45:35 GMT" skipped="0">
  <testcase classname="com.herokuapp.theinternet.LoginTests" name="loginTest" time="17.023"/>
  <testcase classname="com.herokuapp.theinternet.LoginTests" name="negetiveLoginTest" time="14.542"/>
  <testcase classname="com.herokuapp.theinternet.LoginTests" name="negetiveLoginTest" time="13.323"/>
</testsuite> <!-- com.herokuapp.theinternet.LoginTests -->
