<?xml version="1.0" encoding="UTF-8"?>
<!-- Generated by org.testng.reporters.JUnitReportReporter -->
<testsuite hostname="LAPTOP-LMSKPNVQ" failures="0" tests="2" name="com.herokuapp.theinternet.NegetiveTest" time="26.272" errors="0" timestamp="30 Jun 2020 13:20:20 GMT" skipped="0">
  <testcase classname="com.herokuapp.theinternet.NegetiveTest" name="incorrectpasswordTest" time="11.526"/>
  <testcase classname="com.herokuapp.theinternet.NegetiveTest" name="incorrectusernameTest" time="14.746"/>
</testsuite> <!-- com.herokuapp.theinternet.NegetiveTest -->
