<?xml version="1.0" encoding="UTF-8"?>
<!-- Generated by org.testng.reporters.JUnitReportReporter -->
<testsuite hostname="LAPTOP-LMSKPNVQ" failures="0" tests="1" name="com.herokuapp.theinternet.PositiveTests" time="17.047" errors="0" timestamp="30 Jun 2020 13:20:20 GMT" skipped="0">
  <testcase classname="com.herokuapp.theinternet.PositiveTests" name="loginTest" time="17.047"/>
</testsuite> <!-- com.herokuapp.theinternet.PositiveTests -->
